{"level":"warn","message":"Email service not configured - emails will be logged to console only","timestamp":"2026-04-04 19:21:16"}
{"level":"info","message":"Database connection pool created successfully","timestamp":"2026-04-04 19:21:17"}
{"level":"info","message":"✓ Database connected successfully","timestamp":"2026-04-04 19:21:17"}
{"level":"info","message":"✓ Server running on port 5000","timestamp":"2026-04-04 19:21:17"}
{"level":"info","message":"✓ Environment: development","timestamp":"2026-04-04 19:21:17"}
{"level":"info","message":"✓ API Version: v1","timestamp":"2026-04-04 19:21:17"}
{"ip":"::1","level":"error","message":"Your token has expired. Please log in again.","method":"GET","path":"/api/v1/client/product-categories","stack":"Error: Your token has expired. Please log in again.\n    at protect (D:\\cc_backend\\src\\middleware\\auth.js:28:21)\n    at Layer.handle [as handle_request] (D:\\cc_backend\\node_modules\\express\\lib\\router\\layer.js:95:5)\n    at trim_prefix (D:\\cc_backend\\node_modules\\express\\lib\\router\\index.js:328:13)\n    at D:\\cc_backend\\node_modules\\express\\lib\\router\\index.js:286:9\n    at Function.process_params (D:\\cc_backend\\node_modules\\express\\lib\\router\\index.js:346:12)\n    at next (D:\\cc_backend\\node_modules\\express\\lib\\router\\index.js:280:10)\n    at Function.handle (D:\\cc_backend\\node_modules\\express\\lib\\router\\index.js:175:3)\n    at router (D:\\cc_backend\\node_modules\\express\\lib\\router\\index.js:47:12)\n    at Layer.handle [as handle_request] (D:\\cc_backend\\node_modules\\express\\lib\\router\\layer.js:95:5)\n    at trim_prefix (D:\\cc_backend\\node_modules\\express\\lib\\router\\index.js:328:13)","statusCode":401,"timestamp":"2026-04-04 19:22:04"}
{"ip":"::1","level":"error","message":"Your token has expired. Please log in again.","method":"GET","path":"/api/v1/client/products","stack":"Error: Your token has expired. Please log in again.\n    at protect (D:\\cc_backend\\src\\middleware\\auth.js:28:21)\n    at Layer.handle [as handle_request] (D:\\cc_backend\\node_modules\\express\\lib\\router\\layer.js:95:5)\n    at trim_prefix (D:\\cc_backend\\node_modules\\express\\lib\\router\\index.js:328:13)\n    at D:\\cc_backend\\node_modules\\express\\lib\\router\\index.js:286:9\n    at Function.process_params (D:\\cc_backend\\node_modules\\express\\lib\\router\\index.js:346:12)\n    at next (D:\\cc_backend\\node_modules\\express\\lib\\router\\index.js:280:10)\n    at Function.handle (D:\\cc_backend\\node_modules\\express\\lib\\router\\index.js:175:3)\n    at router (D:\\cc_backend\\node_modules\\express\\lib\\router\\index.js:47:12)\n    at Layer.handle [as handle_request] (D:\\cc_backend\\node_modules\\express\\lib\\router\\layer.js:95:5)\n    at trim_prefix (D:\\cc_backend\\node_modules\\express\\lib\\router\\index.js:328:13)","statusCode":401,"timestamp":"2026-04-04 19:22:04"}
{"level":"warn","message":"Email service not configured - emails will be logged to console only","timestamp":"2026-04-04 19:30:30"}
{"level":"info","message":"✓ Database connected successfully","timestamp":"2026-04-04 19:30:33"}
{"level":"info","message":"✓ Server running on port 5000","timestamp":"2026-04-04 19:30:33"}
{"level":"info","message":"✓ Environment: development","timestamp":"2026-04-04 19:30:33"}
{"level":"info","message":"✓ API Version: v1","timestamp":"2026-04-04 19:30:33"}
{"level":"info","message":"Database connection pool created successfully","timestamp":"2026-04-04 19:30:33"}
{"level":"warn","message":"Email service not configured - emails will be logged to console only","timestamp":"2026-04-04 19:32:08"}
{"level":"info","message":"Database connection pool created successfully","timestamp":"2026-04-04 19:32:10"}
{"level":"info","message":"✓ Database connected successfully","timestamp":"2026-04-04 19:32:10"}
{"level":"info","message":"✓ Server running on port 5000","timestamp":"2026-04-04 19:32:10"}
{"level":"info","message":"✓ Environment: development","timestamp":"2026-04-04 19:32:10"}
{"level":"info","message":"✓ API Version: v1","timestamp":"2026-04-04 19:32:10"}
{"level":"warn","message":"Email service not configured - emails will be logged to console only","timestamp":"2026-04-04 19:32:44"}
{"level":"info","message":"Database connection pool created successfully","timestamp":"2026-04-04 19:32:45"}
{"level":"info","message":"✓ Database connected successfully","timestamp":"2026-04-04 19:32:45"}
{"level":"info","message":"✓ Server running on port 5000","timestamp":"2026-04-04 19:32:45"}
{"level":"info","message":"✓ Environment: development","timestamp":"2026-04-04 19:32:45"}
{"level":"info","message":"✓ API Version: v1","timestamp":"2026-04-04 19:32:45"}
{"ip":"::1","level":"error","message":"Your token has expired. Please log in again.","method":"GET","path":"/api/v1/client/products/3771","stack":"Error: Your token has expired. Please log in again.\n    at protect (D:\\cc_backend\\src\\middleware\\auth.js:28:21)\n    at Layer.handle [as handle_request] (D:\\cc_backend\\node_modules\\express\\lib\\router\\layer.js:95:5)\n    at trim_prefix (D:\\cc_backend\\node_modules\\express\\lib\\router\\index.js:328:13)\n    at D:\\cc_backend\\node_modules\\express\\lib\\router\\index.js:286:9\n    at Function.process_params (D:\\cc_backend\\node_modules\\express\\lib\\router\\index.js:346:12)\n    at next (D:\\cc_backend\\node_modules\\express\\lib\\router\\index.js:280:10)\n    at Function.handle (D:\\cc_backend\\node_modules\\express\\lib\\router\\index.js:175:3)\n    at router (D:\\cc_backend\\node_modules\\express\\lib\\router\\index.js:47:12)\n    at Layer.handle [as handle_request] (D:\\cc_backend\\node_modules\\express\\lib\\router\\layer.js:95:5)\n    at trim_prefix (D:\\cc_backend\\node_modules\\express\\lib\\router\\index.js:328:13)","statusCode":401,"timestamp":"2026-04-04 20:00:30"}
{"ip":"::1","level":"error","message":"Your token has expired. Please log in again.","method":"GET","path":"/api/v1/client/products/3771","stack":"Error: Your token has expired. Please log in again.\n    at protect (D:\\cc_backend\\src\\middleware\\auth.js:28:21)\n    at Layer.handle [as handle_request] (D:\\cc_backend\\node_modules\\express\\lib\\router\\layer.js:95:5)\n    at trim_prefix (D:\\cc_backend\\node_modules\\express\\lib\\router\\index.js:328:13)\n    at D:\\cc_backend\\node_modules\\express\\lib\\router\\index.js:286:9\n    at Function.process_params (D:\\cc_backend\\node_modules\\express\\lib\\router\\index.js:346:12)\n    at next (D:\\cc_backend\\node_modules\\express\\lib\\router\\index.js:280:10)\n    at Function.handle (D:\\cc_backend\\node_modules\\express\\lib\\router\\index.js:175:3)\n    at router (D:\\cc_backend\\node_modules\\express\\lib\\router\\index.js:47:12)\n    at Layer.handle [as handle_request] (D:\\cc_backend\\node_modules\\express\\lib\\router\\layer.js:95:5)\n    at trim_prefix (D:\\cc_backend\\node_modules\\express\\lib\\router\\index.js:328:13)","statusCode":401,"timestamp":"2026-04-04 20:00:30"}
